<?xml version="1.0" encoding="UTF-8"?>
<!-- Generated by org.testng.reporters.JUnitXMLReporter -->
<testsuite hostname="vaibhav-Latitude-3550" ignored="0" name="Default test" tests="17" failures="0" timestamp="03 Jun 2019 09:16:05 GMT" time="19.995" errors="0">
  <testcase name="@BeforeClass setUp" time="19.83" classname="com.reports.testcases.TestCustomReportBuilders">
    <failure type="org.openqa.selenium.NoSuchElementException" message="Unable to locate element: //span[text()=&amp;apos;Custom Reports&amp;apos;]
For documentation on this error, please visit: https://www.seleniumhq.org/exceptions/no_such_element.html
Build info: version: &amp;apos;3.141.59&amp;apos;, revision: &amp;apos;e82be7d358&amp;apos;, time: &amp;apos;2018-11-14T08:25:53&amp;apos;
System info: host: &amp;apos;vaibhav-Latitude-3550&amp;apos;, ip: &amp;apos;127.0.1.1&amp;apos;, os.name: &amp;apos;Linux&amp;apos;, os.arch: &amp;apos;amd64&amp;apos;, os.version: &amp;apos;3.13.0-36-generic&amp;apos;, java.version: &amp;apos;1.8.0_201&amp;apos;
Driver info: org.openqa.selenium.firefox.FirefoxDriver
Capabilities {acceptInsecureCerts: true, browserName: firefox, browserVersion: 65.0.1, javascriptEnabled: true, moz:accessibilityChecks: false, moz:geckodriverVersion: 0.24.0, moz:headless: false, moz:processID: 8295, moz:profile: /tmp/rust_mozprofile.KXywOd..., moz:shutdownTimeout: 60000, moz:useNonSpecCompliantPointerOrigin: false, moz:webdriverClick: true, pageLoadStrategy: normal, platform: LINUX, platformName: LINUX, platformVersion: 3.13.0-36-generic, rotatable: false, setWindowRect: true, strictFileInteractability: false, timeouts: {implicit: 0, pageLoad: 300000, script: 30000}, unhandledPromptBehavior: dismiss and notify}
Session ID: c4e2176a-cc93-4339-92d0-bb0bec0cbcb3
*** Element info: {Using=xpath, value=//span[text()=&amp;apos;Custom Reports&amp;apos;]}">
      <![CDATA[org.openqa.selenium.NoSuchElementException: Unable to locate element: //span[text()='Custom Reports']
For documentation on this error, please visit: https://www.seleniumhq.org/exceptions/no_such_element.html
Build info: version: '3.141.59', revision: 'e82be7d358', time: '2018-11-14T08:25:53'
System info: host: 'vaibhav-Latitude-3550', ip: '127.0.1.1', os.name: 'Linux', os.arch: 'amd64', os.version: '3.13.0-36-generic', java.version: '1.8.0_201'
Driver info: org.openqa.selenium.firefox.FirefoxDriver
Capabilities {acceptInsecureCerts: true, browserName: firefox, browserVersion: 65.0.1, javascriptEnabled: true, moz:accessibilityChecks: false, moz:geckodriverVersion: 0.24.0, moz:headless: false, moz:processID: 8295, moz:profile: /tmp/rust_mozprofile.KXywOd..., moz:shutdownTimeout: 60000, moz:useNonSpecCompliantPointerOrigin: false, moz:webdriverClick: true, pageLoadStrategy: normal, platform: LINUX, platformName: LINUX, platformVersion: 3.13.0-36-generic, rotatable: false, setWindowRect: true, strictFileInteractability: false, timeouts: {implicit: 0, pageLoad: 300000, script: 30000}, unhandledPromptBehavior: dismiss and notify}
Session ID: c4e2176a-cc93-4339-92d0-bb0bec0cbcb3
*** Element info: {Using=xpath, value=//span[text()='Custom Reports']}
at sun.reflect.NativeConstructorAccessorImpl.newInstance0(Native Method)
at sun.reflect.NativeConstructorAccessorImpl.newInstance(NativeConstructorAccessorImpl.java:62)
at sun.reflect.DelegatingConstructorAccessorImpl.newInstance(DelegatingConstructorAccessorImpl.java:45)
at java.lang.reflect.Constructor.newInstance(Constructor.java:423)
at org.openqa.selenium.remote.http.W3CHttpResponseCodec.createException(W3CHttpResponseCodec.java:187)
at org.openqa.selenium.remote.http.W3CHttpResponseCodec.decode(W3CHttpResponseCodec.java:122)
at org.openqa.selenium.remote.http.W3CHttpResponseCodec.decode(W3CHttpResponseCodec.java:49)
at org.openqa.selenium.remote.HttpCommandExecutor.execute(HttpCommandExecutor.java:158)
at org.openqa.selenium.remote.service.DriverCommandExecutor.execute(DriverCommandExecutor.java:83)
at org.openqa.selenium.remote.RemoteWebDriver.execute(RemoteWebDriver.java:552)
at org.openqa.selenium.remote.RemoteWebDriver.findElement(RemoteWebDriver.java:323)
at org.openqa.selenium.remote.RemoteWebDriver.findElementByXPath(RemoteWebDriver.java:428)
at org.openqa.selenium.By$ByXPath.findElement(By.java:353)
at org.openqa.selenium.remote.RemoteWebDriver.findElement(RemoteWebDriver.java:315)
at org.openqa.selenium.support.pagefactory.DefaultElementLocator.findElement(DefaultElementLocator.java:69)
at org.openqa.selenium.support.pagefactory.internal.LocatingElementHandler.invoke(LocatingElementHandler.java:38)
at com.sun.proxy.$Proxy8.isDisplayed(Unknown Source)
at com.reports.pages.CustomReports.clickOnCustomReportsDropdown(CustomReports.java:198)
at com.reports.pages.CustomTestBuilder.navigateToCustomDashboard(CustomTestBuilder.java:215)
at com.reports.testcases.TestCustomReportBuilders.setUp(TestCustomReportBuilders.java:46)
at sun.reflect.NativeMethodAccessorImpl.invoke0(Native Method)
at sun.reflect.NativeMethodAccessorImpl.invoke(NativeMethodAccessorImpl.java:62)
at sun.reflect.DelegatingMethodAccessorImpl.invoke(DelegatingMethodAccessorImpl.java:43)
at java.lang.reflect.Method.invoke(Method.java:498)
at org.testng.internal.MethodInvocationHelper.invokeMethod(MethodInvocationHelper.java:124)
at org.testng.internal.MethodInvocationHelper.invokeMethodConsideringTimeout(MethodInvocationHelper.java:59)
at org.testng.internal.Invoker.invokeConfigurationMethod(Invoker.java:458)
at org.testng.internal.Invoker.invokeConfigurations(Invoker.java:222)
at org.testng.internal.Invoker.invokeConfigurations(Invoker.java:142)
at org.testng.internal.TestMethodWorker.invokeBeforeClassMethods(TestMethodWorker.java:168)
at org.testng.internal.TestMethodWorker.run(TestMethodWorker.java:105)
at org.testng.TestRunner.privateRun(TestRunner.java:648)
at org.testng.TestRunner.run(TestRunner.java:505)
at org.testng.SuiteRunner.runTest(SuiteRunner.java:455)
at org.testng.SuiteRunner.runSequentially(SuiteRunner.java:450)
at org.testng.SuiteRunner.privateRun(SuiteRunner.java:415)
at org.testng.SuiteRunner.run(SuiteRunner.java:364)
at org.testng.SuiteRunnerWorker.runSuite(SuiteRunnerWorker.java:52)
at org.testng.SuiteRunnerWorker.run(SuiteRunnerWorker.java:84)
at org.testng.TestNG.runSuitesSequentially(TestNG.java:1208)
at org.testng.TestNG.runSuitesLocally(TestNG.java:1137)
at org.testng.TestNG.runSuites(TestNG.java:1049)
at org.testng.TestNG.run(TestNG.java:1017)
at org.testng.remote.AbstractRemoteTestNG.run(AbstractRemoteTestNG.java:115)
at org.testng.remote.RemoteTestNG.initAndRun(RemoteTestNG.java:251)
at org.testng.remote.RemoteTestNG.main(RemoteTestNG.java:77)
]]>
    </failure>
  </testcase> <!-- @BeforeClass setUp -->
  <testcase name="testCustomReportFor1Month_DepartmentWiseAllocation" time="0.0" classname="com.reports.testcases.TestCustomReportBuilders">
    <skipped/>
  </testcase> <!-- testCustomReportFor1Month_DepartmentWiseAllocation -->
  <testcase name="testCustomReportFor2Month_DoctorWisePatientCount" time="0.0" classname="com.reports.testcases.TestCustomReportBuilders">
    <skipped/>
  </testcase> <!-- testCustomReportFor2Month_DoctorWisePatientCount -->
  <testcase name="testCustomReportFor3Month_BillAdjustmentEntriesList" time="0.0" classname="com.reports.testcases.TestCustomReportBuilders">
    <skipped/>
  </testcase> <!-- testCustomReportFor3Month_BillAdjustmentEntriesList -->
  <testcase name="testCustomReportFor4Month_DoctorRevenueDetailed" time="0.0" classname="com.reports.testcases.TestCustomReportBuilders">
    <skipped/>
  </testcase> <!-- testCustomReportFor4Month_DoctorRevenueDetailed -->
  <testcase name="testCustomReportFor5Month_RadiologyTATReport" time="0.0" classname="com.reports.testcases.TestCustomReportBuilders">
    <skipped/>
  </testcase> <!-- testCustomReportFor5Month_RadiologyTATReport -->
  <testcase name="testCustomReportFor6Month_DepartmentwisePatient" time="0.0" classname="com.reports.testcases.TestCustomReportBuilders">
    <skipped/>
  </testcase> <!-- testCustomReportFor6Month_DepartmentwisePatient -->
  <testcase name="testCustomReportFor7Month_VisitStatusReportforHealthAuthority" time="0.0" classname="com.reports.testcases.TestCustomReportBuilders">
    <skipped/>
  </testcase> <!-- testCustomReportFor7Month_VisitStatusReportforHealthAuthority -->
  <testcase name="testCustomReportFor8Month_SubmissionRejectionRate" time="0.0" classname="com.reports.testcases.TestCustomReportBuilders">
    <skipped/>
  </testcase> <!-- testCustomReportFor8Month_SubmissionRejectionRate -->
  <testcase name="testCustomReportFor9Month_SponsorWiseClaimSubmissionList" time="0.0" classname="com.reports.testcases.TestCustomReportBuilders">
    <skipped/>
  </testcase> <!-- testCustomReportFor9Month_SponsorWiseClaimSubmissionList -->
  <testcase name="testCustomReportFor10Month_MedicalCheckupReport" time="0.0" classname="com.reports.testcases.TestCustomReportBuilders">
    <skipped/>
  </testcase> <!-- testCustomReportFor10Month_MedicalCheckupReport -->
  <testcase name="testCustomReportFor11Month_RepeatingDiagnosisReport" time="0.0" classname="com.reports.testcases.TestCustomReportBuilders">
    <skipped/>
  </testcase> <!-- testCustomReportFor11Month_RepeatingDiagnosisReport -->
  <testcase name="testCustomReportFor12Month_AirmileReport" time="0.0" classname="com.reports.testcases.TestCustomReportBuilders">
    <skipped/>
  </testcase> <!-- testCustomReportFor12Month_AirmileReport -->
  <testcase name="testCustomReportFor1Month_RevenueProgressReport" time="0.0" classname="com.reports.testcases.TestCustomReportBuilders">
    <skipped/>
  </testcase> <!-- testCustomReportFor1Month_RevenueProgressReport -->
  <testcase name="testCustomReportFor2Month_PatientReferralReport" time="0.0" classname="com.reports.testcases.TestCustomReportBuilders">
    <skipped/>
  </testcase> <!-- testCustomReportFor2Month_PatientReferralReport -->
  <testcase name="testCustomReportFor3Month_CashCreditSplitReport" time="0.0" classname="com.reports.testcases.TestCustomReportBuilders">
    <skipped/>
  </testcase> <!-- testCustomReportFor3Month_CashCreditSplitReport -->
  <testcase name="testCustomReportFor4Month_InsuranceClaimBatchReport" time="0.0" classname="com.reports.testcases.TestCustomReportBuilders">
    <skipped/>
  </testcase> <!-- testCustomReportFor4Month_InsuranceClaimBatchReport -->
  <testcase name="testCustomReportFor5Month_StockRejectionReport" time="0.0" classname="com.reports.testcases.TestCustomReportBuilders">
    <skipped/>
  </testcase> <!-- testCustomReportFor5Month_StockRejectionReport -->
</testsuite> <!-- Default test -->
